# JRE version: OpenJDK Runtime Environment 
# Java VM: OpenJDK 64-Bit Server VM (13.0.2+6-MTS, mixed mode, sharing, tiered, compressed oops, g1 gc, windows-amd64)
Heap:
 garbage-first heap   total 61440K, used 33997K [0x0000000740000000, 0x0000000800000000)
  region size 1024K, 20 young (20480K), 5 survivors (5120K)
 Metaspace       used 41896K, capacity 42946K, committed 43292K, reserved 1087488K
  class space    used 5169K, capacity 5572K, committed 5708K, reserved 1048576K
GC Heap History (20 events):
Event: 1.043 GC heap before
{Heap before GC invocations=1 (full 0):
 garbage-first heap   total 196608K, used 11687K [0x0000000740000000, 0x0000000800000000)
  region size 1024K, 9 young (9216K), 2 survivors (2048K)
 Metaspace       used 4601K, capacity 5811K, committed 6016K, reserved 1056768K
  class space    used 469K, capacity 598K, committed 640K, reserved 1048576K
}
Event: 1.047 GC heap after
{Heap after GC invocations=2 (full 0):
 garbage-first heap   total 196608K, used 5583K [0x0000000740000000, 0x0000000800000000)
  region size 1024K, 2 young (2048K), 2 survivors (2048K)
 Metaspace       used 4601K, capacity 5811K, committed 6016K, reserved 1056768K
  class space    used 469K, capacity 598K, committed 640K, reserved 1048576K
}
Event: 1.374 GC heap before
{Heap before GC invocations=2 (full 0):
 garbage-first heap   total 196608K, used 18895K [0x0000000740000000, 0x0000000800000000)
  region size 1024K, 15 young (15360K), 2 survivors (2048K)
 Metaspace       used 7948K, capacity 8286K, committed 8448K, reserved 1056768K
  class space    used 896K, capacity 1007K, committed 1024K, reserved 1048576K
}
Event: 1.378 GC heap after
{Heap after GC invocations=3 (full 0):
 garbage-first heap   total 196608K, used 6588K [0x0000000740000000, 0x0000000800000000)
  region size 1024K, 1 young (1024K), 1 survivors (1024K)
 Metaspace       used 7948K, capacity 8286K, committed 8448K, reserved 1056768K
  class space    used 896K, capacity 1007K, committed 1024K, reserved 1048576K
}
Event: 2.141 GC heap before
{Heap before GC invocations=3 (full 0):
 garbage-first heap   total 196608K, used 68028K [0x0000000740000000, 0x0000000800000000)
  region size 1024K, 61 young (62464K), 1 survivors (1024K)
 Metaspace       used 19055K, capacity 19589K, committed 19840K, reserved 1067008K
  class space    used 2378K, capacity 2573K, committed 2688K, reserved 1048576K
}
Event: 2.146 GC heap after
{Heap after GC invocations=4 (full 0):
 garbage-first heap   total 196608K, used 8755K [0x0000000740000000, 0x0000000800000000)
  region size 1024K, 4 young (4096K), 4 survivors (4096K)
 Metaspace       used 19055K, capacity 19589K, committed 19840K, reserved 1067008K
  class space    used 2378K, capacity 2573K, committed 2688K, reserved 1048576K
}
Event: 2.591 GC heap before
{Heap before GC invocations=4 (full 0):
 garbage-first heap   total 196608K, used 30259K [0x0000000740000000, 0x0000000800000000)
  region size 1024K, 26 young (26624K), 4 survivors (4096K)
 Metaspace       used 20654K, capacity 21188K, committed 21296K, reserved 1069056K
  class space    used 2554K, capacity 2753K, committed 2816K, reserved 1048576K
}
Event: 2.599 GC heap after
{Heap after GC invocations=5 (full 0):
 garbage-first heap   total 236544K, used 9829K [0x0000000740000000, 0x0000000800000000)
  region size 1024K, 5 young (5120K), 5 survivors (5120K)
 Metaspace       used 20654K, capacity 21188K, committed 21296K, reserved 1069056K
  class space    used 2554K, capacity 2753K, committed 2816K, reserved 1048576K
}
Event: 3.034 GC heap before
{Heap before GC invocations=6 (full 0):
 garbage-first heap   total 40960K, used 29285K [0x0000000740000000, 0x0000000800000000)
  region size 1024K, 24 young (24576K), 5 survivors (5120K)
 Metaspace       used 23778K, capacity 24432K, committed 24576K, reserved 1071104K
  class space    used 2962K, capacity 3232K, committed 3328K, reserved 1048576K
}
Event: 3.044 GC heap after
{Heap after GC invocations=7 (full 0):
 garbage-first heap   total 40960K, used 10776K [0x0000000740000000, 0x0000000800000000)
  region size 1024K, 3 young (3072K), 3 survivors (3072K)
 Metaspace       used 23778K, capacity 24432K, committed 24576K, reserved 1071104K
  class space    used 2962K, capacity 3232K, committed 3328K, reserved 1048576K
}
Event: 3.484 GC heap before
{Heap before GC invocations=7 (full 0):
 garbage-first heap   total 40960K, used 29208K [0x0000000740000000, 0x0000000800000000)
  region size 1024K, 21 young (21504K), 3 survivors (3072K)
 Metaspace       used 27212K, capacity 28071K, committed 28416K, reserved 1073152K
  class space    used 3402K, capacity 3739K, committed 3840K, reserved 1048576K
}
Event: 3.492 GC heap after
{Heap after GC invocations=8 (full 0):
 garbage-first heap   total 40960K, used 12504K [0x0000000740000000, 0x0000000800000000)
  region size 1024K, 3 young (3072K), 3 survivors (3072K)
 Metaspace       used 27212K, capacity 28071K, committed 28416K, reserved 1073152K
  class space    used 3402K, capacity 3739K, committed 3840K, reserved 1048576K
}
Event: 3.621 GC heap before
{Heap before GC invocations=8 (full 0):
 garbage-first heap   total 40960K, used 28888K [0x0000000740000000, 0x0000000800000000)
  region size 1024K, 20 young (20480K), 3 survivors (3072K)
 Metaspace       used 28007K, capacity 28798K, committed 28928K, reserved 1075200K
  class space    used 3474K, capacity 3810K, committed 3840K, reserved 1048576K
}
Event: 3.627 GC heap after
{Heap after GC invocations=9 (full 0):
 garbage-first heap   total 40960K, used 13456K [0x0000000740000000, 0x0000000800000000)
  region size 1024K, 1 young (1024K), 1 survivors (1024K)
 Metaspace       used 28007K, capacity 28798K, committed 28928K, reserved 1075200K
  class space    used 3474K, capacity 3810K, committed 3840K, reserved 1048576K
}
Event: 3.996 GC heap before
{Heap before GC invocations=9 (full 0):
 garbage-first heap   total 40960K, used 28816K [0x0000000740000000, 0x0000000800000000)
  region size 1024K, 17 young (17408K), 1 survivors (1024K)
 Metaspace       used 29708K, capacity 30542K, committed 30720K, reserved 1075200K
  class space    used 3684K, capacity 4004K, committed 4096K, reserved 1048576K
}
Event: 4.000 GC heap after
{Heap after GC invocations=10 (full 0):
 garbage-first heap   total 118784K, used 14096K [0x0000000740000000, 0x0000000800000000)
  region size 1024K, 2 young (2048K), 2 survivors (2048K)
 Metaspace       used 29708K, capacity 30542K, committed 30720K, reserved 1075200K
  class space    used 3684K, capacity 4004K, committed 4096K, reserved 1048576K
}
Event: 16.236 GC heap before
{Heap before GC invocations=10 (full 0):
 garbage-first heap   total 118784K, used 50960K [0x0000000740000000, 0x0000000800000000)
  region size 1024K, 39 young (39936K), 2 survivors (2048K)
 Metaspace       used 34867K, capacity 35884K, committed 35920K, reserved 1081344K
  class space    used 4333K, capacity 4733K, committed 4736K, reserved 1048576K
}
Event: 16.246 GC heap after
{Heap after GC invocations=11 (full 0):
 garbage-first heap   total 118784K, used 16341K [0x0000000740000000, 0x0000000800000000)
  region size 1024K, 4 young (4096K), 4 survivors (4096K)
 Metaspace       used 34867K, capacity 35884K, committed 35920K, reserved 1081344K
  class space    used 4333K, capacity 4733K, committed 4736K, reserved 1048576K
}
Event: 30.190 GC heap before
{Heap before GC invocations=12 (full 0):
 garbage-first heap   total 61440K, used 48085K [0x0000000740000000, 0x0000000800000000)
  region size 1024K, 36 young (36864K), 4 survivors (4096K)
 Metaspace       used 40220K, capacity 41243K, committed 41500K, reserved 1085440K
  class space    used 4924K, capacity 5347K, committed 5452K, reserved 1048576K
}
Event: 30.199 GC heap after
{Heap after GC invocations=13 (full 0):
 garbage-first heap   total 61440K, used 19661K [0x0000000740000000, 0x0000000800000000)
  region size 1024K, 5 young (5120K), 5 survivors (5120K)
 Metaspace       used 40220K, capacity 41243K, committed 41500K, reserved 1085440K
  class space    used 4924K, capacity 5347K, committed 5452K, reserved 1048576K
}

